2023-09-18 06:53:26,556 [INFO] NvicIntPanel:101 - NVIC parent = com.st.microxplorer.plugins.ip.nvic.MultiNvicIntPanel[,0,0,0x0,invalid,layout=javax.swing.BoxLayout,alignmentX=0.0,alignmentY=0.0,border=,flags=9,maximumSize=,minimumSize=,preferredSize=]
2023-09-18 06:53:51,466 [WARN] IP:2114 - I2C_Coeff_DF not found: check if there is a RefParameter without a condition.
2023-09-18 06:53:51,467 [WARN] IP:2114 - Analog_Filter not found: check if there is a RefParameter without a condition.
2023-09-18 06:53:51,468 [WARN] IP:2114 - I2C_Coeff_DF not found: check if there is a RefParameter without a condition.
2023-09-18 06:53:51,468 [WARN] IP:2114 - Analog_Filter not found: check if there is a RefParameter without a condition.
2023-09-18 06:54:12,068 [INFO] Gpio:273 - dependency for GPIO [I2C1, SPI1, TIM2, USART1]
2023-09-18 06:54:38,537 [INFO] Gpio:273 - dependency for GPIO [I2C1, SPI1, TIM2, USART1]
2023-09-18 06:54:54,501 [INFO] NvicIntPanel:101 - NVIC parent = com.st.microxplorer.plugins.ip.nvic.MultiNvicIntPanel[,0,0,0x0,invalid,layout=javax.swing.BoxLayout,alignmentX=0.0,alignmentY=0.0,border=,flags=9,maximumSize=,minimumSize=,preferredSize=]
2023-09-18 06:56:45,707 [WARN] IP:2114 - I2C_Coeff_DF not found: check if there is a RefParameter without a condition.
2023-09-18 06:56:45,707 [WARN] IP:2114 - Analog_Filter not found: check if there is a RefParameter without a condition.
2023-09-18 06:56:45,707 [WARN] IP:2114 - I2C_Coeff_DF not found: check if there is a RefParameter without a condition.
2023-09-18 06:56:45,707 [WARN] IP:2114 - Analog_Filter not found: check if there is a RefParameter without a condition.
2023-09-18 06:57:44,877 [INFO] DmaTabbedPanel:205 - Cannot restore the selected Tab for DMA
2023-09-18 06:58:25,570 [INFO] UtilMem:75 - End SaveConfig() Used Memory: 645317800 Bytes (828375040)
2023-09-18 06:58:36,868 [INFO] UtilMem:75 - End SaveConfig() Used Memory: 711722216 Bytes (828375040)
2023-09-18 06:58:37,254 [INFO] BlockDiagram:2759 - set Specific Code input for plugin: SPI
2023-09-18 06:58:37,255 [INFO] BlockDiagram:2759 - set Specific Code input for plugin: NVIC
2023-09-18 06:58:37,255 [INFO] BlockDiagram:2759 - set Specific Code input for plugin: USART
2023-09-18 06:58:37,255 [INFO] BlockDiagram:2759 - set Specific Code input for plugin: TIM1_8
2023-09-18 06:58:37,255 [INFO] BlockDiagram:2759 - set Specific Code input for plugin: SYS
2023-09-18 06:58:37,255 [INFO] BlockDiagram:2759 - set Specific Code input for plugin: GPIO
2023-09-18 06:58:37,255 [INFO] BlockDiagram:2759 - set Specific Code input for plugin: RCC
2023-09-18 06:58:37,255 [INFO] BlockDiagram:2759 - set Specific Code input for plugin: I2C
2023-09-18 06:58:37,256 [INFO] CodeGenerator:799 - code generatio: config db path: /opt/stm32cubeide/plugins/com.st.stm32cube.common.mx_6.9.1.202307191849//db/
2023-09-18 06:58:37,257 [WARN] IP:2114 - I2C_Coeff_DF not found: check if there is a RefParameter without a condition.
2023-09-18 06:58:37,257 [WARN] IP:2114 - Analog_Filter not found: check if there is a RefParameter without a condition.
2023-09-18 06:58:37,439 [INFO] CodeEngine:255 - oldGeneratedFile, /home/ammar7761/development/EAGLET-flight-controller/firmware/main_blackpill/main_blackpill/MXTmpFiles/license.tmp_save
2023-09-18 06:58:37,534 [INFO] CodeEngine:279 - Generated code: /home/ammar7761/development/EAGLET-flight-controller/firmware/main_blackpill/main_blackpill/MXTmpFiles/license.tmp
2023-09-18 06:58:37,546 [INFO] CodeEngine:255 - oldGeneratedFile, /home/ammar7761/development/EAGLET-flight-controller/firmware/main_blackpill/main_blackpill/MXTmpFiles/gpio.tmp_save
2023-09-18 06:58:37,604 [INFO] CodeEngine:279 - Generated code: /home/ammar7761/development/EAGLET-flight-controller/firmware/main_blackpill/main_blackpill/MXTmpFiles/gpio.tmp
2023-09-18 06:58:37,699 [INFO] CodeEngine:255 - oldGeneratedFile, /home/ammar7761/development/EAGLET-flight-controller/firmware/main_blackpill/main_blackpill/Core/Src/stm32f4xx_it.c_save
2023-09-18 06:58:37,891 [INFO] CodeEngine:279 - Generated code: /home/ammar7761/development/EAGLET-flight-controller/firmware/main_blackpill/main_blackpill/Core/Src/stm32f4xx_it.c
2023-09-18 06:58:37,893 [INFO] CodeEngine:255 - oldGeneratedFile, /home/ammar7761/development/EAGLET-flight-controller/firmware/main_blackpill/main_blackpill/Core/Inc/stm32f4xx_it.h_save
2023-09-18 06:58:37,951 [INFO] CodeEngine:279 - Generated code: /home/ammar7761/development/EAGLET-flight-controller/firmware/main_blackpill/main_blackpill/Core/Inc/stm32f4xx_it.h
2023-09-18 06:58:37,960 [INFO] CodeEngine:255 - oldGeneratedFile, /home/ammar7761/development/EAGLET-flight-controller/firmware/main_blackpill/main_blackpill/Core/Src/stm32f4xx_hal_msp.c_save
2023-09-18 06:58:38,086 [INFO] CodeEngine:279 - Generated code: /home/ammar7761/development/EAGLET-flight-controller/firmware/main_blackpill/main_blackpill/Core/Src/stm32f4xx_hal_msp.c
2023-09-18 06:58:38,088 [INFO] CodeEngine:255 - oldGeneratedFile, /home/ammar7761/development/EAGLET-flight-controller/firmware/main_blackpill/main_blackpill/MXTmpFiles/system.tmp_save
2023-09-18 06:58:38,218 [INFO] CodeEngine:279 - Generated code: /home/ammar7761/development/EAGLET-flight-controller/firmware/main_blackpill/main_blackpill/MXTmpFiles/system.tmp
2023-09-18 06:58:38,221 [INFO] CodeEngine:311 - oldGeneratedFile, /home/ammar7761/development/EAGLET-flight-controller/firmware/main_blackpill/main_blackpill/Core/Inc/stm32f4xx_hal_conf.h_save
2023-09-18 06:58:38,356 [INFO] CodeEngine:335 - Generated code: /home/ammar7761/development/EAGLET-flight-controller/firmware/main_blackpill/main_blackpill/Core/Inc/stm32f4xx_hal_conf.h
2023-09-18 06:58:38,372 [WARN] IPConfigManager:3431 - IP not found : TIM
2023-09-18 06:58:38,372 [WARN] CodeGenerator:3760 - IP not found : null
2023-09-18 06:58:38,375 [INFO] CodeEngine:255 - oldGeneratedFile, /home/ammar7761/development/EAGLET-flight-controller/firmware/main_blackpill/main_blackpill/Core/Inc/main.h_save
2023-09-18 06:58:38,449 [INFO] CodeEngine:279 - Generated code: /home/ammar7761/development/EAGLET-flight-controller/firmware/main_blackpill/main_blackpill/Core/Inc/main.h
2023-09-18 06:58:38,451 [INFO] CodeEngine:255 - oldGeneratedFile, /home/ammar7761/development/EAGLET-flight-controller/firmware/main_blackpill/main_blackpill/Core/Src/main.c_save
2023-09-18 06:58:38,551 [INFO] CodeEngine:279 - Generated code: /home/ammar7761/development/EAGLET-flight-controller/firmware/main_blackpill/main_blackpill/Core/Src/main.c
2023-09-18 06:58:39,023 [INFO] ProjectBuilder:3064 - Time for Copy HAL[1] : 56mS.
2023-09-18 06:58:39,025 [INFO] ProjectBuilder:4404 - Project Generator version: 4.1.0
2023-09-18 06:58:39,174 [INFO] ConfigFileManager:1457 - The Die is : DIE433
2023-09-18 06:58:40,326 [INFO] ProjectBuilder:4626 - Time for Generating toolchain IDE Files: 1301mS.
2023-09-18 06:58:40,327 [INFO] ProjectBuilder:2935 - Time for Copy CMSIS : 0mS.
2023-09-18 06:58:40,327 [INFO] ProjectBuilder:2935 - Time for Copy CMSIS : 0mS.
2023-09-18 06:59:09,370 [INFO] UtilMem:75 - End SaveConfig() Used Memory: 489075688 Bytes (985661440)
2023-09-18 06:59:09,605 [INFO] BlockDiagram:2759 - set Specific Code input for plugin: SPI
2023-09-18 06:59:09,605 [INFO] BlockDiagram:2759 - set Specific Code input for plugin: NVIC
2023-09-18 06:59:09,605 [INFO] BlockDiagram:2759 - set Specific Code input for plugin: USART
2023-09-18 06:59:09,605 [INFO] BlockDiagram:2759 - set Specific Code input for plugin: TIM1_8
2023-09-18 06:59:09,605 [INFO] BlockDiagram:2759 - set Specific Code input for plugin: SYS
2023-09-18 06:59:09,605 [INFO] BlockDiagram:2759 - set Specific Code input for plugin: GPIO
2023-09-18 06:59:09,605 [INFO] BlockDiagram:2759 - set Specific Code input for plugin: RCC
2023-09-18 06:59:09,605 [INFO] BlockDiagram:2759 - set Specific Code input for plugin: I2C
2023-09-18 06:59:09,606 [INFO] CodeGenerator:799 - code generatio: config db path: /opt/stm32cubeide/plugins/com.st.stm32cube.common.mx_6.9.1.202307191849//db/
2023-09-18 06:59:09,607 [WARN] IP:2114 - I2C_Coeff_DF not found: check if there is a RefParameter without a condition.
2023-09-18 06:59:09,607 [WARN] IP:2114 - Analog_Filter not found: check if there is a RefParameter without a condition.
2023-09-18 06:59:09,752 [INFO] CodeEngine:255 - oldGeneratedFile, /home/ammar7761/development/EAGLET-flight-controller/firmware/main_blackpill/main_blackpill/MXTmpFiles/license.tmp_save
2023-09-18 06:59:09,803 [INFO] CodeEngine:279 - Generated code: /home/ammar7761/development/EAGLET-flight-controller/firmware/main_blackpill/main_blackpill/MXTmpFiles/license.tmp
2023-09-18 06:59:09,812 [INFO] CodeEngine:255 - oldGeneratedFile, /home/ammar7761/development/EAGLET-flight-controller/firmware/main_blackpill/main_blackpill/MXTmpFiles/gpio.tmp_save
2023-09-18 06:59:09,864 [INFO] CodeEngine:279 - Generated code: /home/ammar7761/development/EAGLET-flight-controller/firmware/main_blackpill/main_blackpill/MXTmpFiles/gpio.tmp
2023-09-18 06:59:09,940 [INFO] CodeEngine:255 - oldGeneratedFile, /home/ammar7761/development/EAGLET-flight-controller/firmware/main_blackpill/main_blackpill/Core/Src/stm32f4xx_it.c_save
2023-09-18 06:59:09,995 [INFO] CodeEngine:279 - Generated code: /home/ammar7761/development/EAGLET-flight-controller/firmware/main_blackpill/main_blackpill/Core/Src/stm32f4xx_it.c
2023-09-18 06:59:09,997 [INFO] CodeEngine:255 - oldGeneratedFile, /home/ammar7761/development/EAGLET-flight-controller/firmware/main_blackpill/main_blackpill/Core/Inc/stm32f4xx_it.h_save
2023-09-18 06:59:10,044 [INFO] CodeEngine:279 - Generated code: /home/ammar7761/development/EAGLET-flight-controller/firmware/main_blackpill/main_blackpill/Core/Inc/stm32f4xx_it.h
2023-09-18 06:59:10,048 [INFO] CodeEngine:255 - oldGeneratedFile, /home/ammar7761/development/EAGLET-flight-controller/firmware/main_blackpill/main_blackpill/Core/Src/stm32f4xx_hal_msp.c_save
2023-09-18 06:59:10,124 [INFO] CodeEngine:279 - Generated code: /home/ammar7761/development/EAGLET-flight-controller/firmware/main_blackpill/main_blackpill/Core/Src/stm32f4xx_hal_msp.c
2023-09-18 06:59:10,126 [INFO] CodeEngine:255 - oldGeneratedFile, /home/ammar7761/development/EAGLET-flight-controller/firmware/main_blackpill/main_blackpill/MXTmpFiles/system.tmp_save
2023-09-18 06:59:10,173 [INFO] CodeEngine:279 - Generated code: /home/ammar7761/development/EAGLET-flight-controller/firmware/main_blackpill/main_blackpill/MXTmpFiles/system.tmp
2023-09-18 06:59:10,176 [INFO] CodeEngine:311 - oldGeneratedFile, /home/ammar7761/development/EAGLET-flight-controller/firmware/main_blackpill/main_blackpill/Core/Inc/stm32f4xx_hal_conf.h_save
2023-09-18 06:59:10,232 [INFO] CodeEngine:335 - Generated code: /home/ammar7761/development/EAGLET-flight-controller/firmware/main_blackpill/main_blackpill/Core/Inc/stm32f4xx_hal_conf.h
2023-09-18 06:59:10,244 [WARN] IPConfigManager:3431 - IP not found : TIM
2023-09-18 06:59:10,245 [WARN] CodeGenerator:3760 - IP not found : null
2023-09-18 06:59:10,247 [INFO] CodeEngine:255 - oldGeneratedFile, /home/ammar7761/development/EAGLET-flight-controller/firmware/main_blackpill/main_blackpill/Core/Inc/main.h_save
2023-09-18 06:59:10,299 [INFO] CodeEngine:279 - Generated code: /home/ammar7761/development/EAGLET-flight-controller/firmware/main_blackpill/main_blackpill/Core/Inc/main.h
2023-09-18 06:59:10,301 [INFO] CodeEngine:255 - oldGeneratedFile, /home/ammar7761/development/EAGLET-flight-controller/firmware/main_blackpill/main_blackpill/Core/Src/main.c_save
2023-09-18 06:59:10,380 [INFO] CodeEngine:279 - Generated code: /home/ammar7761/development/EAGLET-flight-controller/firmware/main_blackpill/main_blackpill/Core/Src/main.c
2023-09-18 06:59:10,921 [INFO] ProjectBuilder:3064 - Time for Copy HAL[1] : 41mS.
2023-09-18 06:59:10,922 [INFO] ProjectBuilder:4404 - Project Generator version: 4.1.0
2023-09-18 06:59:11,070 [INFO] ConfigFileManager:1457 - The Die is : DIE433
2023-09-18 06:59:12,169 [INFO] ProjectBuilder:4626 - Time for Generating toolchain IDE Files: 1247mS.
2023-09-18 06:59:12,170 [INFO] ProjectBuilder:2935 - Time for Copy CMSIS : 1mS.
2023-09-18 06:59:12,170 [INFO] ProjectBuilder:2935 - Time for Copy CMSIS : 0mS.
2023-09-18 09:15:34,822 [INFO] Gpio:273 - dependency for GPIO [I2C1, SPI1, TIM2, USART1]
2023-09-18 09:16:48,582 [INFO] NvicIntPanel:101 - NVIC parent = com.st.microxplorer.plugins.ip.nvic.MultiNvicIntPanel[,0,0,0x0,invalid,layout=javax.swing.BoxLayout,alignmentX=0.0,alignmentY=0.0,border=,flags=9,maximumSize=,minimumSize=,preferredSize=]
2023-09-18 09:17:27,004 [INFO] NvicIntPanel:101 - NVIC parent = com.st.microxplorer.plugins.ip.nvic.MultiNvicIntPanel[,0,0,0x0,invalid,layout=javax.swing.BoxLayout,alignmentX=0.0,alignmentY=0.0,border=,flags=9,maximumSize=,minimumSize=,preferredSize=]
2023-09-18 09:27:51,681 [INFO] UtilMem:75 - End SaveConfig() Used Memory: 274326408 Bytes (859832320)
2023-09-18 09:27:51,715 [ERROR] ConfigurationRetriever:142 - IOException on connection: sw-center.st.com
2023-09-18 09:27:51,716 [ERROR] ConfigurationRetriever:142 - IOException on connection: sw-center.st.com
2023-09-18 09:27:51,717 [ERROR] ConfigurationRetriever:142 - IOException on connection: sw-center.st.com
2023-09-18 09:27:52,928 [INFO] UtilMem:75 - End SaveConfig() Used Memory: 298127152 Bytes (859832320)
2023-09-18 09:27:53,081 [INFO] UtilMem:75 - End SaveConfig() Used Memory: 344182872 Bytes (859832320)
2023-09-18 09:27:53,266 [INFO] BlockDiagram:2759 - set Specific Code input for plugin: SPI
2023-09-18 09:27:53,266 [INFO] BlockDiagram:2759 - set Specific Code input for plugin: NVIC
2023-09-18 09:27:53,266 [INFO] BlockDiagram:2759 - set Specific Code input for plugin: USART
2023-09-18 09:27:53,266 [INFO] BlockDiagram:2759 - set Specific Code input for plugin: TIM1_8
2023-09-18 09:27:53,266 [INFO] BlockDiagram:2759 - set Specific Code input for plugin: SYS
2023-09-18 09:27:53,267 [INFO] BlockDiagram:2759 - set Specific Code input for plugin: GPIO
2023-09-18 09:27:53,267 [INFO] BlockDiagram:2759 - set Specific Code input for plugin: RCC
2023-09-18 09:27:53,267 [INFO] BlockDiagram:2759 - set Specific Code input for plugin: I2C
2023-09-18 09:27:53,268 [INFO] CodeGenerator:799 - code generatio: config db path: /opt/stm32cubeide/plugins/com.st.stm32cube.common.mx_6.9.1.202307191849//db/
2023-09-18 09:27:53,269 [WARN] IP:2114 - I2C_Coeff_DF not found: check if there is a RefParameter without a condition.
2023-09-18 09:27:53,269 [WARN] IP:2114 - Analog_Filter not found: check if there is a RefParameter without a condition.
2023-09-18 09:27:53,396 [INFO] CodeEngine:255 - oldGeneratedFile, /home/ammar7761/development/EAGLET-flight-controller/firmware/main_blackpill/main_blackpill/MXTmpFiles/license.tmp_save
2023-09-18 09:27:53,467 [INFO] CodeEngine:279 - Generated code: /home/ammar7761/development/EAGLET-flight-controller/firmware/main_blackpill/main_blackpill/MXTmpFiles/license.tmp
2023-09-18 09:27:53,474 [INFO] CodeEngine:255 - oldGeneratedFile, /home/ammar7761/development/EAGLET-flight-controller/firmware/main_blackpill/main_blackpill/MXTmpFiles/gpio.tmp_save
2023-09-18 09:27:53,526 [INFO] CodeEngine:279 - Generated code: /home/ammar7761/development/EAGLET-flight-controller/firmware/main_blackpill/main_blackpill/MXTmpFiles/gpio.tmp
2023-09-18 09:27:53,582 [INFO] CodeEngine:255 - oldGeneratedFile, /home/ammar7761/development/EAGLET-flight-controller/firmware/main_blackpill/main_blackpill/Core/Src/stm32f4xx_it.c_save
2023-09-18 09:27:53,689 [INFO] CodeEngine:279 - Generated code: /home/ammar7761/development/EAGLET-flight-controller/firmware/main_blackpill/main_blackpill/Core/Src/stm32f4xx_it.c
2023-09-18 09:27:53,691 [INFO] CodeEngine:255 - oldGeneratedFile, /home/ammar7761/development/EAGLET-flight-controller/firmware/main_blackpill/main_blackpill/Core/Inc/stm32f4xx_it.h_save
2023-09-18 09:27:53,737 [INFO] CodeEngine:279 - Generated code: /home/ammar7761/development/EAGLET-flight-controller/firmware/main_blackpill/main_blackpill/Core/Inc/stm32f4xx_it.h
2023-09-18 09:27:53,740 [INFO] CodeEngine:255 - oldGeneratedFile, /home/ammar7761/development/EAGLET-flight-controller/firmware/main_blackpill/main_blackpill/Core/Src/stm32f4xx_hal_msp.c_save
2023-09-18 09:27:53,819 [INFO] CodeEngine:279 - Generated code: /home/ammar7761/development/EAGLET-flight-controller/firmware/main_blackpill/main_blackpill/Core/Src/stm32f4xx_hal_msp.c
2023-09-18 09:27:53,821 [INFO] CodeEngine:255 - oldGeneratedFile, /home/ammar7761/development/EAGLET-flight-controller/firmware/main_blackpill/main_blackpill/MXTmpFiles/system.tmp_save
2023-09-18 09:27:53,865 [INFO] CodeEngine:279 - Generated code: /home/ammar7761/development/EAGLET-flight-controller/firmware/main_blackpill/main_blackpill/MXTmpFiles/system.tmp
2023-09-18 09:27:53,868 [INFO] CodeEngine:311 - oldGeneratedFile, /home/ammar7761/development/EAGLET-flight-controller/firmware/main_blackpill/main_blackpill/Core/Inc/stm32f4xx_hal_conf.h_save
2023-09-18 09:27:53,931 [INFO] CodeEngine:335 - Generated code: /home/ammar7761/development/EAGLET-flight-controller/firmware/main_blackpill/main_blackpill/Core/Inc/stm32f4xx_hal_conf.h
2023-09-18 09:27:53,940 [WARN] IPConfigManager:3431 - IP not found : TIM
2023-09-18 09:27:53,941 [WARN] CodeGenerator:3760 - IP not found : null
2023-09-18 09:27:53,942 [INFO] CodeEngine:255 - oldGeneratedFile, /home/ammar7761/development/EAGLET-flight-controller/firmware/main_blackpill/main_blackpill/Core/Inc/main.h_save
2023-09-18 09:27:54,002 [INFO] CodeEngine:279 - Generated code: /home/ammar7761/development/EAGLET-flight-controller/firmware/main_blackpill/main_blackpill/Core/Inc/main.h
2023-09-18 09:27:54,003 [INFO] CodeEngine:255 - oldGeneratedFile, /home/ammar7761/development/EAGLET-flight-controller/firmware/main_blackpill/main_blackpill/Core/Src/main.c_save
2023-09-18 09:27:54,079 [INFO] CodeEngine:279 - Generated code: /home/ammar7761/development/EAGLET-flight-controller/firmware/main_blackpill/main_blackpill/Core/Src/main.c
2023-09-18 09:27:54,586 [INFO] ProjectBuilder:3064 - Time for Copy HAL[1] : 49mS.
2023-09-18 09:27:54,587 [INFO] ProjectBuilder:4404 - Project Generator version: 4.1.0
2023-09-18 09:27:54,729 [INFO] ConfigFileManager:1457 - The Die is : DIE433
2023-09-18 09:27:55,948 [INFO] ProjectBuilder:4626 - Time for Generating toolchain IDE Files: 1361mS.
2023-09-18 09:27:55,949 [INFO] ProjectBuilder:2935 - Time for Copy CMSIS : 0mS.
2023-09-18 09:27:55,949 [INFO] ProjectBuilder:2935 - Time for Copy CMSIS : 0mS.
