2023-09-21 08:46:01,296 [INFO] Activator:176 - 


2023-09-21 08:46:01,304 [INFO] Activator:177 - !SESSION log4j initialized
2023-09-21 08:46:12,315 [INFO] LogOutputStream:77 - [STDOUT_REDIRECT] 
2023-09-21 08:46:32,398 [INFO] ApplicationProperties:184 - Using Application install path: /opt/stm32cubeide/plugins/com.st.stm32cube.common.mx_6.9.1.202307191849
2023-09-21 08:46:32,419 [INFO] DbMcusXml:78 - Set database path to: /opt/stm32cubeide/plugins/com.st.stm32cube.common.mx_6.9.1.202307191849//db//mcu/
2023-09-21 08:46:32,419 [INFO] ApiDb:274 - Set plugin database path to: /opt/stm32cubeide/plugins/com.st.stm32cube.common.mx_6.9.1.202307191849//db//plugins/boardmanager/
2023-09-21 08:46:32,419 [WARN] ApiDb:259 - Overriding images path with different value:  => /opt/stm32cubeide/plugins/com.st.stm32cube.common.mx_6.9.1.202307191849//db//plugins/mcufinder/images/
2023-09-21 08:46:32,434 [INFO] ApiDb:250 - Set database path to: /home/ammar7761/.stmcufinder/plugins/mcufinder//mcu/
2023-09-21 08:46:32,436 [INFO] DbMcusAds:125 - Set database path to: /home/ammar7761/.stmcufinder/plugins/mcufinder//mcu/
2023-09-21 08:46:32,439 [INFO] CrossReferenceDbSqlite:203 - Set database path to: /home/ammar7761/.stmcufinder/plugins/mcufinder//mcu/cs/
2023-09-21 08:46:32,554 [INFO] RulesReader:64 - Compatibility file has been processed (293 Rules)
2023-09-21 08:46:32,630 [INFO] DbMcusXml:78 - Set database path to: /opt/stm32cubeide/plugins/com.st.stm32cube.common.mx_6.9.1.202307191849//db//mcu/
2023-09-21 08:46:32,630 [INFO] ApiDb:274 - Set plugin database path to: /opt/stm32cubeide/plugins/com.st.stm32cube.common.mx_6.9.1.202307191849//db//plugins/boardmanager/
2023-09-21 08:46:32,631 [INFO] ApiDb:261 - Set plugin images path to: /opt/stm32cubeide/plugins/com.st.stm32cube.common.mx_6.9.1.202307191849//db//plugins/mcufinder/images/
2023-09-21 08:46:32,631 [WARN] DbFile:41 - Overriding database path with different value: /home/ammar7761/.stmcufinder/plugins/mcufinder/ => /home/ammar7761/.stmcufinder/plugins/mcufinder
2023-09-21 08:46:32,631 [INFO] ApiDb:250 - Set database path to: /home/ammar7761/.stmcufinder/plugins/mcufinder//mcu/
2023-09-21 08:46:32,631 [WARN] DbFile:41 - Overriding database path with different value: /home/ammar7761/.stmcufinder/plugins/mcufinder/ => /home/ammar7761/.stmcufinder/plugins/mcufinder
2023-09-21 08:46:32,631 [INFO] DbMcusAds:125 - Set database path to: /home/ammar7761/.stmcufinder/plugins/mcufinder//mcu/
2023-09-21 08:46:32,631 [WARN] DbFile:41 - Overriding database path with different value: /home/ammar7761/.stmcufinder/plugins/mcufinder/ => /home/ammar7761/.stmcufinder/plugins/mcufinder
2023-09-21 08:46:32,631 [WARN] DbFile:41 - Overriding database path with different value: /home/ammar7761/.stmcufinder/plugins/mcufinder/ => /home/ammar7761/.stmcufinder/plugins/mcufinder
2023-09-21 08:46:32,631 [INFO] CrossReferenceDbSqlite:203 - Set database path to: /home/ammar7761/.stmcufinder/plugins/mcufinder//mcu/cs/
2023-09-21 08:46:32,709 [INFO] MainPanel:262 - HeapMemory: 300941312
2023-09-21 08:46:32,822 [INFO] DbMcusXml:78 - Set database path to: /opt/stm32cubeide/plugins/com.st.stm32cube.common.mx_6.9.1.202307191849//db//mcu/
2023-09-21 08:46:32,823 [INFO] ApiDb:274 - Set plugin database path to: /opt/stm32cubeide/plugins/com.st.stm32cube.common.mx_6.9.1.202307191849//db//plugins/boardmanager/
2023-09-21 08:46:32,823 [INFO] ApiDb:261 - Set plugin images path to: /opt/stm32cubeide/plugins/com.st.stm32cube.common.mx_6.9.1.202307191849//db//plugins/mcufinder/images/
2023-09-21 08:46:32,824 [WARN] DbFile:41 - Overriding database path with different value: /home/ammar7761/.stmcufinder/plugins/mcufinder/ => /home/ammar7761/.stmcufinder/plugins/mcufinder
2023-09-21 08:46:32,824 [INFO] ApiDb:250 - Set database path to: /home/ammar7761/.stmcufinder/plugins/mcufinder//mcu/
2023-09-21 08:46:32,824 [WARN] DbFile:41 - Overriding database path with different value: /home/ammar7761/.stmcufinder/plugins/mcufinder/ => /home/ammar7761/.stmcufinder/plugins/mcufinder
2023-09-21 08:46:32,824 [INFO] DbMcusAds:125 - Set database path to: /home/ammar7761/.stmcufinder/plugins/mcufinder//mcu/
2023-09-21 08:46:32,824 [WARN] DbFile:41 - Overriding database path with different value: /home/ammar7761/.stmcufinder/plugins/mcufinder/ => /home/ammar7761/.stmcufinder/plugins/mcufinder
2023-09-21 08:46:32,824 [WARN] DbFile:41 - Overriding database path with different value: /home/ammar7761/.stmcufinder/plugins/mcufinder/ => /home/ammar7761/.stmcufinder/plugins/mcufinder
2023-09-21 08:46:32,824 [INFO] CrossReferenceDbSqlite:203 - Set database path to: /home/ammar7761/.stmcufinder/plugins/mcufinder//mcu/cs/
2023-09-21 08:46:32,846 [INFO] ApplicationProperties:184 - Using Application install path: /opt/stm32cubeide/plugins/com.st.stm32cube.common.mx_6.9.1.202307191849
2023-09-21 08:46:32,849 [INFO] PluginManage:196 - Search for loadable plugins [exclusion list=, ]
2023-09-21 08:46:32,851 [INFO] PluginManage:310 - Check plugin analytics
2023-09-21 08:46:33,021 [INFO] AnalyticsPlugin:253 - Accepted Software Licenses: 
2023-09-21 08:46:33,022 [INFO] AnalyticsPlugin:255 - Accepted CMSIS Pack Licenses: 
2023-09-21 08:46:33,022 [INFO] AnalyticsPlugin:257 - Accepted Firmware Licenses: 
2023-09-21 08:46:33,025 [INFO] PluginManage:359 - Loaded plugin analytics (category:tool,tabindex:-1)
2023-09-21 08:46:33,026 [INFO] PluginManage:310 - Check plugin cadmodel
2023-09-21 08:46:33,078 [INFO] CADModel:105 - Init CAD model plugin
2023-09-21 08:46:33,079 [INFO] PluginManage:359 - Loaded plugin cadmodel (category:power,tabindex:5)
2023-09-21 08:46:33,079 [INFO] PluginManage:310 - Check plugin clock
2023-09-21 08:46:33,094 [INFO] PluginManage:359 - Loaded plugin clock (category:base,tabindex:2)
2023-09-21 08:46:33,095 [INFO] PluginManage:310 - Check plugin ddr
2023-09-21 08:46:33,098 [INFO] PluginManage:359 - Loaded plugin ddr (category:tool,tabindex:6)
2023-09-21 08:46:33,099 [INFO] PluginManage:310 - Check plugin filemanager
2023-09-21 08:46:33,253 [INFO] PluginManage:359 - Loaded plugin filemanager (category:base,tabindex:10)
2023-09-21 08:46:33,253 [INFO] PluginManage:310 - Check plugin ipmanager
2023-09-21 08:46:33,261 [INFO] PluginManage:359 - Loaded plugin ipmanager (category:base,tabindex:5)
2023-09-21 08:46:33,261 [INFO] PluginManage:310 - Check plugin lpbam
2023-09-21 08:46:33,274 [INFO] PluginManage:359 - Loaded plugin lpbam (category:base,tabindex:0)
2023-09-21 08:46:33,274 [INFO] PluginManage:310 - Check plugin memorymap
2023-09-21 08:46:33,286 [INFO] PluginManage:359 - Loaded plugin memorymap (category:base,tabindex:4)
2023-09-21 08:46:33,286 [INFO] PluginManage:310 - Check plugin pinoutandconfiguration
2023-09-21 08:46:33,295 [INFO] PluginManage:359 - Loaded plugin pinoutandconfiguration (category:base,tabindex:1)
2023-09-21 08:46:33,295 [INFO] PluginManage:310 - Check plugin pinoutconfig
2023-09-21 08:46:33,393 [WARN] SupportedApi:132 - Cannot load RTOS API schema: s4s-elt-must-match.1: The content of 'definitions' must match (annotation?, (simpleType | complexType)?, (unique | key | keyref)*)). A problem was found starting at: attribute.
2023-09-21 08:46:33,550 [INFO] PluginManage:359 - Loaded plugin pinoutconfig (category:base,tabindex:0)
2023-09-21 08:46:33,550 [INFO] PluginManage:310 - Check plugin power
2023-09-21 08:46:33,564 [INFO] PluginManage:359 - Loaded plugin power (category:power,tabindex:4)
2023-09-21 08:46:33,564 [INFO] PluginManage:310 - Check plugin projectmanager
2023-09-21 08:46:33,582 [INFO] PluginManage:359 - Loaded plugin projectmanager (category:projectmanager,tabindex:3)
2023-09-21 08:46:33,582 [INFO] PluginManage:310 - Check plugin thirdparty
2023-09-21 08:46:33,757 [INFO] PluginManage:359 - Loaded plugin thirdparty (category:base,tabindex:-1)
2023-09-21 08:46:33,757 [INFO] PluginManage:310 - Check plugin tools
2023-09-21 08:46:33,757 [WARN] IntegrityCheckThread:84 - waiting for thirdparty lock release [integrity check]
2023-09-21 08:46:33,758 [INFO] IntegrityCheckThread:86 - entering critical section [integrity check]
2023-09-21 08:46:33,758 [INFO] ThirdPartyUpdaterWithRetryManager:70 - Updater plugin not ready yet. [1/15]
2023-09-21 08:46:33,761 [INFO] PluginManage:359 - Loaded plugin tools (category:base,tabindex:7)
2023-09-21 08:46:33,761 [INFO] PluginManage:310 - Check plugin tutovideos
2023-09-21 08:46:33,958 [INFO] PluginManage:359 - Loaded plugin tutovideos (category:base,tabindex:-1)
2023-09-21 08:46:33,958 [INFO] PluginManage:310 - Check plugin updater
2023-09-21 08:46:33,975 [INFO] PluginManage:359 - Loaded plugin updater (category:base,tabindex:12)
2023-09-21 08:46:33,975 [INFO] PluginManage:310 - Check plugin userauth
2023-09-21 08:46:33,982 [INFO] UserAuth:113 - Init User Auth plugin
2023-09-21 08:46:33,982 [INFO] PluginManage:359 - Loaded plugin userauth (category:base,tabindex:14)
2023-09-21 08:46:33,983 [INFO] PluginManage:283 - PluginManage : Loaded plugins [17]
2023-09-21 08:46:34,222 [INFO] PinOutPanel:1499 - setPackage(No Configuration,No Configuration)
2023-09-21 08:46:34,319 [INFO] CADModel:165 - CPN selected for project level
2023-09-21 08:46:34,319 [INFO] CADModel:114 - Register for checkConnection events
2023-09-21 08:46:34,335 [INFO] IPUIPlugin:80 - create IPUIPlugin
2023-09-21 08:46:34,336 [INFO] PluginManager:220 - loadIPPluginJar : add aes
2023-09-21 08:46:34,342 [INFO] IPUIPlugin:80 - create IPUIPlugin
2023-09-21 08:46:34,343 [INFO] PluginManager:220 - loadIPPluginJar : add mdma
2023-09-21 08:46:34,351 [INFO] IPUIPlugin:80 - create IPUIPlugin
2023-09-21 08:46:34,351 [INFO] PluginManager:220 - loadIPPluginJar : add fmc
2023-09-21 08:46:34,355 [INFO] IPUIPlugin:80 - create IPUIPlugin
2023-09-21 08:46:34,355 [INFO] PluginManager:220 - loadIPPluginJar : add touchsensing
2023-09-21 08:46:34,359 [INFO] IPUIPlugin:80 - create IPUIPlugin
2023-09-21 08:46:34,359 [INFO] PluginManager:220 - loadIPPluginJar : add usart
2023-09-21 08:46:34,367 [INFO] IPUIPlugin:80 - create IPUIPlugin
2023-09-21 08:46:34,369 [INFO] PluginManager:220 - loadIPPluginJar : add plateformsettings
2023-09-21 08:46:34,377 [INFO] IPUIPlugin:80 - create IPUIPlugin
2023-09-21 08:46:34,377 [INFO] PluginManager:220 - loadIPPluginJar : add linkedlist
2023-09-21 08:46:34,383 [INFO] IPUIPlugin:80 - create IPUIPlugin
2023-09-21 08:46:34,384 [INFO] PluginManager:220 - loadIPPluginJar : add freertos
2023-09-21 08:46:34,390 [INFO] IPUIPlugin:80 - create IPUIPlugin
2023-09-21 08:46:34,390 [INFO] PluginManager:220 - loadIPPluginJar : add adc
2023-09-21 08:46:34,393 [INFO] IPUIPlugin:80 - create IPUIPlugin
2023-09-21 08:46:34,393 [INFO] PluginManager:220 - loadIPPluginJar : add tim
2023-09-21 08:46:34,397 [INFO] IPUIPlugin:80 - create IPUIPlugin
2023-09-21 08:46:34,397 [INFO] PluginManager:220 - loadIPPluginJar : add nvic
2023-09-21 08:46:34,400 [INFO] IPUIPlugin:80 - create IPUIPlugin
2023-09-21 08:46:34,400 [INFO] PluginManager:220 - loadIPPluginJar : add tracer_emb
2023-09-21 08:46:34,404 [INFO] IPUIPlugin:80 - create IPUIPlugin
2023-09-21 08:46:34,404 [INFO] PluginManager:220 - loadIPPluginJar : add resmgrutility
2023-09-21 08:46:34,407 [INFO] IPUIPlugin:80 - create IPUIPlugin
2023-09-21 08:46:34,408 [INFO] PluginManager:220 - loadIPPluginJar : add cryp
2023-09-21 08:46:34,410 [INFO] IPUIPlugin:80 - create IPUIPlugin
2023-09-21 08:46:34,411 [INFO] PluginManager:220 - loadIPPluginJar : add spi
2023-09-21 08:46:34,415 [INFO] IPUIPlugin:80 - create IPUIPlugin
2023-09-21 08:46:34,415 [INFO] PluginManager:220 - loadIPPluginJar : add sai
2023-09-21 08:46:34,421 [INFO] IPUIPlugin:80 - create IPUIPlugin
2023-09-21 08:46:34,422 [INFO] PluginManager:220 - loadIPPluginJar : add gpio
2023-09-21 08:46:34,424 [INFO] IPUIPlugin:80 - create IPUIPlugin
2023-09-21 08:46:34,425 [INFO] PluginManager:220 - loadIPPluginJar : add openamp
2023-09-21 08:46:34,427 [INFO] IPUIPlugin:80 - create IPUIPlugin
2023-09-21 08:46:34,428 [INFO] PluginManager:220 - loadIPPluginJar : add i2s
2023-09-21 08:46:34,430 [INFO] IPUIPlugin:80 - create IPUIPlugin
2023-09-21 08:46:34,430 [INFO] PluginManager:220 - loadIPPluginJar : add quadspi
2023-09-21 08:46:34,432 [INFO] IPUIPlugin:80 - create IPUIPlugin
2023-09-21 08:46:34,432 [INFO] PluginManager:220 - loadIPPluginJar : add ltdc
2023-09-21 08:46:34,435 [INFO] IPUIPlugin:80 - create IPUIPlugin
2023-09-21 08:46:34,435 [INFO] PluginManager:220 - loadIPPluginJar : add genericplugin
2023-09-21 08:46:34,439 [INFO] IPUIPlugin:80 - create IPUIPlugin
2023-09-21 08:46:34,440 [INFO] PluginManager:220 - loadIPPluginJar : add i2c
2023-09-21 08:46:34,445 [INFO] IPUIPlugin:80 - create IPUIPlugin
2023-09-21 08:46:34,446 [INFO] PluginManager:220 - loadIPPluginJar : add ipddr
2023-09-21 08:46:34,451 [INFO] IPUIPlugin:80 - create IPUIPlugin
2023-09-21 08:46:34,451 [INFO] PluginManager:220 - loadIPPluginJar : add stm32_wpan
2023-09-21 08:46:34,453 [INFO] IPUIPlugin:80 - create IPUIPlugin
2023-09-21 08:46:34,453 [INFO] PluginManager:220 - loadIPPluginJar : add tsc
2023-09-21 08:46:34,457 [INFO] IPUIPlugin:80 - create IPUIPlugin
2023-09-21 08:46:34,457 [INFO] PluginManager:220 - loadIPPluginJar : add usbx
2023-09-21 08:46:34,459 [INFO] IPUIPlugin:80 - create IPUIPlugin
2023-09-21 08:46:34,460 [INFO] PluginManager:220 - loadIPPluginJar : add gfxmmu
2023-09-21 08:46:34,462 [INFO] IPUIPlugin:80 - create IPUIPlugin
2023-09-21 08:46:34,463 [INFO] PluginManager:220 - loadIPPluginJar : add lorawan
2023-09-21 08:46:34,465 [INFO] IPUIPlugin:80 - create IPUIPlugin
2023-09-21 08:46:34,465 [INFO] PluginManager:220 - loadIPPluginJar : add ucpd
2023-09-21 08:46:34,468 [INFO] IPUIPlugin:80 - create IPUIPlugin
2023-09-21 08:46:34,468 [INFO] PluginManager:220 - loadIPPluginJar : add pdm2pcm
2023-09-21 08:46:34,471 [INFO] IPUIPlugin:80 - create IPUIPlugin
2023-09-21 08:46:34,471 [INFO] PluginManager:220 - loadIPPluginJar : add ts
2023-09-21 08:46:34,478 [INFO] IPUIPlugin:80 - create IPUIPlugin
2023-09-21 08:46:34,478 [INFO] PluginManager:220 - loadIPPluginJar : add dma
2023-09-21 08:46:34,484 [INFO] IPUIPlugin:80 - create IPUIPlugin
2023-09-21 08:46:34,484 [INFO] PluginManager:220 - loadIPPluginJar : add gic
2023-09-21 08:46:34,487 [INFO] IPUIPlugin:80 - create IPUIPlugin
2023-09-21 08:46:34,487 [INFO] PluginManager:220 - loadIPPluginJar : add opamp
2023-09-21 08:46:34,489 [INFO] IPUIPlugin:80 - create IPUIPlugin
2023-09-21 08:46:34,489 [INFO] PluginManager:220 - loadIPPluginJar : add comp
2023-09-21 08:46:34,491 [INFO] IPUIPlugin:80 - create IPUIPlugin
2023-09-21 08:46:34,492 [INFO] PluginManager:220 - loadIPPluginJar : add can
2023-09-21 08:46:34,493 [INFO] IPUIPlugin:80 - create IPUIPlugin
2023-09-21 08:46:34,493 [INFO] PluginManager:220 - loadIPPluginJar : add fatfs
2023-09-21 08:46:34,496 [INFO] IPUIPlugin:80 - create IPUIPlugin
2023-09-21 08:46:34,497 [INFO] PluginManager:220 - loadIPPluginJar : add hash
2023-09-21 08:46:34,500 [INFO] IPUIPlugin:80 - create IPUIPlugin
2023-09-21 08:46:34,500 [INFO] PluginManager:220 - loadIPPluginJar : add dfsdm
2023-09-21 08:46:34,502 [INFO] IPUIPlugin:80 - create IPUIPlugin
2023-09-21 08:46:34,502 [INFO] PluginManager:220 - loadIPPluginJar : add i3c
2023-09-21 08:46:34,505 [INFO] IPUIPlugin:80 - create IPUIPlugin
2023-09-21 08:46:34,505 [INFO] PluginManager:220 - loadIPPluginJar : add gtzc
2023-09-21 08:46:34,507 [INFO] IPUIPlugin:80 - create IPUIPlugin
2023-09-21 08:46:34,507 [INFO] PluginManager:220 - loadIPPluginJar : add dma3
2023-09-21 08:46:34,605 [INFO] CADModel:165 - CPN selected for project level
2023-09-21 08:46:34,605 [INFO] CADModel:114 - Register for checkConnection events
2023-09-21 08:46:34,606 [FATAL] Updater:308 - Updater called before beeing initialized
2023-09-21 08:46:34,606 [ERROR] CADModel:125 - Updater not yet initialized, retry later 
2023-09-21 08:46:34,743 [INFO] CADModel:165 - CPN selected for project level
2023-09-21 08:46:34,744 [INFO] CADModel:114 - Register for checkConnection events
2023-09-21 08:46:34,744 [FATAL] Updater:308 - Updater called before beeing initialized
2023-09-21 08:46:34,744 [ERROR] CADModel:125 - Updater not yet initialized, retry later 
2023-09-21 08:46:34,748 [FATAL] Updater:308 - Updater called before beeing initialized
2023-09-21 08:46:34,836 [FATAL] Updater:308 - Updater called before beeing initialized
2023-09-21 08:46:34,843 [INFO] DbMcusAds:53 - JSON generation date=Tue Mar 07 11:50:55 TRT 2023 (1678179055335)
2023-09-21 08:46:34,843 [FATAL] Updater:308 - Updater called before beeing initialized
2023-09-21 08:46:34,878 [WARN] DetailPanel:346 - Failed to get advertising image, set to default
2023-09-21 08:46:34,957 [FATAL] Updater:308 - Updater called before beeing initialized
2023-09-21 08:46:34,961 [FATAL] Updater:308 - Updater called before beeing initialized
2023-09-21 08:46:34,961 [FATAL] Updater:308 - Updater called before beeing initialized
2023-09-21 08:46:34,961 [WARN] DetailPanel:346 - Failed to get advertising image, set to default
2023-09-21 08:46:34,963 [FATAL] Updater:308 - Updater called before beeing initialized
2023-09-21 08:46:34,991 [ERROR] Updater:1120 - MainUpdater not yet initialized. External WinMGr cannot be set.
2023-09-21 08:46:34,993 [INFO] Updater:1056 - Updater Version found : 6.9.1
2023-09-21 08:46:35,015 [INFO] ApplicationProperties:184 - Using Application install path: /opt/stm32cubeide/plugins/com.st.stm32cube.common.mx_6.9.1.202307191849
2023-09-21 08:46:35,569 [ERROR] ConfigurationRetriever:142 - IOException on connection: Read timed out
2023-09-21 08:46:36,759 [INFO] ThirdPartyUpdaterWithRetryManager:70 - Updater plugin not ready yet. [2/15]
2023-09-21 08:46:37,101 [WARN] ServerAccessManage:1168 - Warning during Server Connection :  timeout Connect timed out
2023-09-21 08:46:37,571 [ERROR] ConfigurationRetriever:142 - IOException on connection: Connect timed out
2023-09-21 08:46:38,571 [ERROR] ConfigurationRetriever:142 - IOException on connection: Read timed out
2023-09-21 08:46:39,151 [INFO] MainUpdater:2868 - connection check result : 10
2023-09-21 08:46:39,152 [INFO] MainUpdater:285 - Updater Check For Update Now.
2023-09-21 08:46:39,152 [INFO] MicroXplorer:498 - Change Database Version : DB.6.0.91
2023-09-21 08:46:39,158 [INFO] McuFinderGlobals:63 - Set McuFinder mode to 2 (CubeIDE integrated)
2023-09-21 08:46:39,329 [INFO] CheckServerUpdateThread:120 - End of CheckServer Thread
2023-09-21 08:46:39,920 [WARN] PackLoader:240 - Cannot read IP mode file for STMicroelectronics.X-CUBE-SMBUS.2.1.0
2023-09-21 08:46:39,961 [WARN] PackLoader:240 - Cannot read IP mode file for STMicroelectronics.X-CUBE-AZRTOS-F7.1.1.0
2023-09-21 08:46:39,976 [WARN] PackLoader:240 - Cannot read IP mode file for STMicroelectronics.FP-SNS-MOTENV1.4.3.2
2023-09-21 08:46:39,988 [WARN] PackLoader:240 - Cannot read IP mode file for STMicroelectronics.FP-SNS-FLIGHT1.5.0.2
2023-09-21 08:46:40,000 [WARN] PackLoader:240 - Cannot read IP mode file for STMicroelectronics.X-CUBE-DISPLAY.3.0.0
2023-09-21 08:46:40,019 [WARN] PackLoader:240 - Cannot read IP mode file for STMicroelectronics.X-CUBE-BLE1.7.0.0
2023-09-21 08:46:40,027 [WARN] PackLoader:240 - Cannot read IP mode file for emotas.I-CUBE-CANOPEN.1.3.0
2023-09-21 08:46:40,035 [WARN] PackLoader:240 - Cannot read IP mode file for STMicroelectronics.X-CUBE-TOUCHGFX.4.22.0
2023-09-21 08:46:40,040 [WARN] PackLoader:240 - Cannot read IP mode file for STMicroelectronics.FP-SNS-SMARTAG2.1.2.0
2023-09-21 08:46:40,053 [INFO] LogOutputStream:77 - [STDOUT_REDIRECT] 1 : Invalid condition id : UX_CORESTACK_Condition cause : null
2023-09-21 08:46:40,054 [INFO] LogOutputStream:77 - [STDOUT_REDIRECT] 1 : Invalid condition id : UX_CORESTACK_Condition cause : null
2023-09-21 08:46:40,054 [INFO] LogOutputStream:77 - [STDOUT_REDIRECT] 1 : Invalid condition id : UX_CORESTACK_Condition cause : null
2023-09-21 08:46:40,054 [INFO] LogOutputStream:77 - [STDOUT_REDIRECT] 1 : Invalid condition id : UX_CORESTACK_Condition cause : null
2023-09-21 08:46:40,054 [INFO] LogOutputStream:77 - [STDOUT_REDIRECT] 1 : Invalid condition id : UX_CORESTACK_Condition cause : null
2023-09-21 08:46:40,059 [WARN] PackLoader:240 - Cannot read IP mode file for STMicroelectronics.X-CUBE-AZRTOS-WL.2.0.0
2023-09-21 08:46:40,071 [WARN] PackLoader:240 - Cannot read IP mode file for WES.I-CUBE-Cesium.1.3.0
2023-09-21 08:46:40,077 [WARN] PackLoader:240 - Cannot read IP mode file for STMicroelectronics.X-CUBE-BLE2.3.3.0
2023-09-21 08:46:40,086 [WARN] PackLoader:240 - Cannot read IP mode file for STMicroelectronics.X-CUBE-ALGOBUILD.1.3.0
2023-09-21 08:46:40,105 [WARN] PackLoader:240 - Cannot read IP mode file for STMicroelectronics.X-CUBE-AZRTOS-G0.1.1.0
2023-09-21 08:46:40,115 [WARN] PackLoader:240 - Cannot read IP mode file for STMicroelectronics.X-CUBE-NFC4.3.0.0
2023-09-21 08:46:40,121 [WARN] PackLoader:240 - Cannot read IP mode file for STMicroelectronics.FP-ATR-SIGFOX1.3.2.0
2023-09-21 08:46:40,158 [WARN] PackLoader:240 - Cannot read IP mode file for SEGGER.I-CUBE-embOS.1.3.1
2023-09-21 08:46:40,219 [WARN] PackLoader:240 - Cannot read IP mode file for STMicroelectronics.X-CUBE-GNSS1.6.0.0
2023-09-21 08:46:40,236 [WARN] PackLoader:240 - Cannot read IP mode file for STMicroelectronics.X-CUBE-AZRTOS-F4.1.1.0
2023-09-21 08:46:40,245 [WARN] PackLoader:240 - Cannot read IP mode file for wolfSSL.I-CUBE-wolfSSL.5.6.3
2023-09-21 08:46:40,261 [WARN] PackLoader:240 - Cannot read IP mode file for STMicroelectronics.X-CUBE-AZRTOS-L5.2.0.0
2023-09-21 08:46:40,319 [WARN] PackLoader:240 - Cannot read IP mode file for STMicroelectronics.X-CUBE-MEMS1.9.6.0
2023-09-21 08:46:40,526 [WARN] PackLoader:240 - Cannot read IP mode file for STMicroelectronics.X-CUBE-BLEMGR.2.0.0
2023-09-21 08:46:40,544 [WARN] ConditionMgr:438 - getConditionDescription Invalid condition id : UX DEVICE CLASS RTOS Condition cause : null
2023-09-21 08:46:40,544 [WARN] ConditionMgr:438 - getConditionDescription Invalid condition id : UX DEVICE CLASS RTOS Condition cause : null
2023-09-21 08:46:40,547 [WARN] PackLoader:240 - Cannot read IP mode file for STMicroelectronics.X-CUBE-AZRTOS-H7.3.1.0
2023-09-21 08:46:40,549 [WARN] ConditionMgr:1039 - genDependencies : Invalid condition id : UX DEVICE CLASS RTOS Condition cause : null
2023-09-21 08:46:40,550 [WARN] ConditionMgr:1039 - genDependencies : Invalid condition id : UX DEVICE CLASS RTOS Condition cause : null
2023-09-21 08:46:40,551 [WARN] ConditionMgr:1039 - genDependencies : Invalid condition id : UX DEVICE CLASS RTOS Condition cause : null
2023-09-21 08:46:40,551 [WARN] ConditionMgr:1039 - genDependencies : Invalid condition id : UX DEVICE CLASS RTOS Condition cause : null
2023-09-21 08:46:40,551 [WARN] ConditionMgr:1039 - genDependencies : Invalid condition id : UX DEVICE CLASS RTOS Condition cause : null
2023-09-21 08:46:40,560 [WARN] PackLoader:240 - Cannot read IP mode file for STMicroelectronics.X-CUBE-NFC7.1.0.1
2023-09-21 08:46:40,569 [WARN] PackLoader:240 - Cannot read IP mode file for STMicroelectronics.X-CUBE-NFC6.3.0.0
2023-09-21 08:46:40,578 [WARN] PackLoader:240 - Cannot read IP mode file for STMicroelectronics.X-CUBE-EEPRMA1.4.1.0
2023-09-21 08:46:40,584 [WARN] PackLoader:240 - Cannot read IP mode file for STMicroelectronics.X-CUBE-AI.8.1.0
2023-09-21 08:46:40,601 [WARN] ConditionMgr:438 - getConditionDescription Invalid condition id : LAN8742 Phy interface Condition cause : null
2023-09-21 08:46:40,602 [WARN] PackLoader:240 - Cannot read IP mode file for STMicroelectronics.X-CUBE-AZRTOS-L4.2.0.0
2023-09-21 08:46:40,604 [WARN] ConditionMgr:1039 - genDependencies : Invalid condition id : LAN8742 Phy interface Condition cause : null
2023-09-21 08:46:40,604 [WARN] ConditionMgr:1039 - genDependencies : Invalid condition id : LAN8742 Phy interface Condition cause : null
2023-09-21 08:46:40,605 [WARN] ConditionMgr:1039 - genDependencies : Invalid condition id : LAN8742 Phy interface Condition cause : null
2023-09-21 08:46:40,613 [WARN] PackLoader:240 - Cannot read IP mode file for STMicroelectronics.X-CUBE-SFXS2LP1.4.0.0
2023-09-21 08:46:40,620 [WARN] PackLoader:240 - Cannot read IP mode file for STMicroelectronics.X-CUBE-ISPU.1.1.0
2023-09-21 08:46:40,632 [WARN] ConditionMgr:438 - getConditionDescription Invalid condition id : UX DEVICE CLASS RTOS Condition cause : null
2023-09-21 08:46:40,633 [WARN] ConditionMgr:438 - getConditionDescription Invalid condition id : UX DEVICE CLASS RTOS Condition cause : null
2023-09-21 08:46:40,635 [WARN] PackLoader:240 - Cannot read IP mode file for STMicroelectronics.X-CUBE-AZRTOS-WB.2.0.0
2023-09-21 08:46:40,636 [WARN] ConditionMgr:1039 - genDependencies : Invalid condition id : UX DEVICE CLASS RTOS Condition cause : null
2023-09-21 08:46:40,636 [WARN] ConditionMgr:1039 - genDependencies : Invalid condition id : UX DEVICE CLASS RTOS Condition cause : null
2023-09-21 08:46:40,637 [WARN] ConditionMgr:1039 - genDependencies : Invalid condition id : UX DEVICE CLASS RTOS Condition cause : null
2023-09-21 08:46:40,637 [WARN] ConditionMgr:1039 - genDependencies : Invalid condition id : UX DEVICE CLASS RTOS Condition cause : null
2023-09-21 08:46:40,637 [WARN] ConditionMgr:1039 - genDependencies : Invalid condition id : UX DEVICE CLASS RTOS Condition cause : null
2023-09-21 08:46:40,648 [WARN] PackLoader:240 - Cannot read IP mode file for STMicroelectronics.X-CUBE-SUBG2.5.0.0
2023-09-21 08:46:40,675 [WARN] PackLoader:240 - Cannot read IP mode file for STMicroelectronics.X-CUBE-TOF1.3.3.1
2023-09-21 08:46:40,711 [WARN] PackLoader:240 - Cannot read IP mode file for STMicroelectronics.X-CUBE-AZRTOS-G4.2.0.0
2023-09-21 08:46:40,719 [WARN] PackLoader:240 - Cannot read IP mode file for STMicroelectronics.X-CUBE-FREERTOS.1.1.0
2023-09-21 08:46:40,724 [WARN] PackLoader:240 - Cannot read IP mode file for portGmbH.I-Cube-SoM-uGOAL.1.1.0
2023-09-21 08:46:40,729 [WARN] PackLoader:240 - Cannot read IP mode file for STMicroelectronics.X-CUBE-ALS.1.0.1
2023-09-21 08:46:40,733 [WARN] PackLoader:240 - Cannot read IP mode file for STMicroelectronics.FP-ATR-ASTRA1.2.0.0
2023-09-21 08:46:40,735 [INFO] ThirdParty:978 - Integrity check success = true
2023-09-21 08:46:40,735 [INFO] IntegrityCheckThread:100 - exiting critical section [integrity check]
2023-09-21 08:46:40,735 [INFO] IntegrityCheckThread:103 - End integrity checks thread
2023-09-21 08:47:15,408 [ERROR] LogOutputStream:75 - [STDERR_REDIRECT] SLF4J: Failed to load class "org.slf4j.impl.StaticLoggerBinder".
2023-09-21 08:47:15,409 [ERROR] LogOutputStream:75 - [STDERR_REDIRECT] SLF4J: Defaulting to no-operation (NOP) logger implementation
2023-09-21 08:47:15,410 [ERROR] LogOutputStream:75 - [STDERR_REDIRECT] SLF4J: See http://www.slf4j.org/codes.html#StaticLoggerBinder for further details.
